C:\Users\lambda\Desktop\Composant4\Composant4\Debug\cl.command.1.tlog
C:\Users\lambda\Desktop\Composant4\Composant4\Debug\CL.read.1.tlog
C:\Users\lambda\Desktop\Composant4\Composant4\Debug\CL.write.1.tlog
C:\USERS\LAMBDA\DESKTOP\COMPOSANT4\COMPOSANT4\DEBUG\COMPOSANT4.DLL.EMBED.MANIFEST
C:\USERS\LAMBDA\DESKTOP\COMPOSANT4\COMPOSANT4\DEBUG\COMPOSANT4.DLL.EMBED.MANIFEST.RES
C:\USERS\LAMBDA\DESKTOP\COMPOSANT4\COMPOSANT4\DEBUG\COMPOSANT4.DLL.INTERMEDIATE.MANIFEST
C:\USERS\LAMBDA\DESKTOP\COMPOSANT4\COMPOSANT4\DEBUG\COMPOSANT4.OBJ
C:\USERS\LAMBDA\DESKTOP\COMPOSANT4\COMPOSANT4\DEBUG\COMPOSANT4.PCH
C:\Users\lambda\Desktop\Composant4\Composant4\Debug\Composant4.write.1.tlog
C:\Users\lambda\Desktop\Composant4\Composant4\Debug\Composant4_manifest.rc
C:\USERS\LAMBDA\DESKTOP\COMPOSANT4\COMPOSANT4\DEBUG\DLLMAIN.OBJ
C:\Users\lambda\Desktop\Composant4\Composant4\Debug\lib.command.1.tlog
C:\Users\lambda\Desktop\Composant4\Composant4\Debug\Lib-link.read.1.tlog
C:\Users\lambda\Desktop\Composant4\Composant4\Debug\Lib-link.write.1.tlog
C:\Users\lambda\Desktop\Composant4\Composant4\Debug\link.1128.read.1.tlog
C:\Users\lambda\Desktop\Composant4\Composant4\Debug\link.1128.write.1.tlog
C:\Users\lambda\Desktop\Composant4\Composant4\Debug\link.1128-cvtres.read.1.tlog
C:\Users\lambda\Desktop\Composant4\Composant4\Debug\link.1128-cvtres.write.1.tlog
C:\Users\lambda\Desktop\Composant4\Composant4\Debug\link.command.1.tlog
C:\Users\lambda\Desktop\Composant4\Composant4\Debug\link.read.1.tlog
C:\Users\lambda\Desktop\Composant4\Composant4\Debug\link.write.1.tlog
C:\Users\lambda\Desktop\Composant4\Composant4\Debug\link-cvtres.read.1.tlog
C:\Users\lambda\Desktop\Composant4\Composant4\Debug\link-cvtres.write.1.tlog
C:\Users\lambda\Desktop\Composant4\Composant4\Debug\mt.command.1.tlog
C:\Users\lambda\Desktop\Composant4\Composant4\Debug\mt.read.1.tlog
C:\Users\lambda\Desktop\Composant4\Composant4\Debug\mt.write.1.tlog
C:\Users\lambda\Desktop\Composant4\Composant4\Debug\rc.command.1.tlog
C:\Users\lambda\Desktop\Composant4\Composant4\Debug\rc.read.1.tlog
C:\Users\lambda\Desktop\Composant4\Composant4\Debug\rc.write.1.tlog
C:\USERS\LAMBDA\DESKTOP\COMPOSANT4\COMPOSANT4\DEBUG\STDAFX.OBJ
C:\Users\lambda\Desktop\Composant4\Composant4\Debug\vc100.idb
C:\USERS\LAMBDA\DESKTOP\COMPOSANT4\COMPOSANT4\DEBUG\VC100.PDB
C:\USERS\LAMBDA\DESKTOP\COMPOSANT4\DEBUG\COMPOSANT4.DLL
C:\Users\lambda\Desktop\Composant4\Debug\Composant4.exp
C:\USERS\LAMBDA\DESKTOP\COMPOSANT4\DEBUG\COMPOSANT4.ILK
C:\USERS\LAMBDA\DESKTOP\COMPOSANT4\DEBUG\COMPOSANT4.LIB
C:\USERS\LAMBDA\DESKTOP\COMPOSANT4\DEBUG\COMPOSANT4.PDB
