\\vmware-host\shared folders\documents\visual studio 2010\projects\partageable\partageable\debug\partageable.pch
\\vmware-host\shared folders\documents\visual studio 2010\projects\partageable\partageable\debug\stdafx.obj
\\vmware-host\shared folders\documents\visual studio 2010\projects\partageable\partageable\debug\vc100.pdb
\\vmware-host\shared folders\documents\visual studio 2010\projects\partageable\debug\partageable.pdb
\\vmware-host\shared folders\documents\visual studio 2010\projects\partageable\debug\partageable.lib
\\vmware-host\shared folders\documents\visual studio 2010\projects\partageable\debug\partageable.exp
c:\users\vincent\documents\github\dev2\developpement2\partageable\debug\dllmain.obj
c:\users\vincent\documents\github\dev2\developpement2\partageable\debug\partageable.obj
c:\users\vincent\documents\github\dev2\developpement2\partageable\debug\stdafx.obj
c:\users\vincent\documents\github\dev2\developpement2\partageable\debug\cl.command.1.tlog
c:\users\vincent\documents\github\dev2\developpement2\partageable\debug\cl.read.1.tlog
c:\users\vincent\documents\github\dev2\developpement2\partageable\debug\cl.write.1.tlog
c:\users\vincent\documents\github\dev2\developpement2\partageable\debug\link.command.1.tlog
c:\users\vincent\documents\github\dev2\developpement2\partageable\debug\link.read.1.tlog
c:\users\vincent\documents\github\dev2\developpement2\partageable\debug\link.write.1.tlog
c:\users\vincent\documents\github\dev2\developpement2\partageable\debug\mt.command.1.tlog
c:\users\vincent\documents\github\dev2\developpement2\partageable\debug\mt.read.1.tlog
c:\users\vincent\documents\github\dev2\developpement2\partageable\debug\mt.write.1.tlog
c:\users\vincent\documents\github\dev2\developpement2\partageable\debug\partageable.write.1.tlog
c:\users\vincent\documents\github\dev2\developpement2\partageable\debug\partageable.dll.intermediate.manifest
c:\users\vincent\documents\github\dev2\developpement2\partageable\debug\partageable.pch
c:\users\vincent\documents\github\dev2\developpement2\partageable\debug\vc100.idb
c:\users\vincent\documents\github\dev2\developpement2\partageable\debug\vc100.pdb
c:\users\vincent\documents\github\dev2\developpement2\debug\partageable.pdb
c:\users\vincent\documents\github\dev2\developpement2\debug\partageable.dll
