Build started 20/05/2015 22:42:59.
     1>Project "C:\Users\Vincent\Documents\GitHub\dev2\developpement2\partageable\partageable.vcxproj" on node 2 (Rebuild target(s)).
     1>ClCompile:
         C:\Program Files (x86)\Microsoft Visual Studio 12.0\VC\bin\CL.exe /c /IC:\Users\Vincent\Documents\GitHub\dev2\developpement2\interfaces /ZI /nologo /W3 /WX- /Od /Oy- /D WIN32 /D _DEBUG /D _WINDOWS /D _USRDLL /D PARTAGEABLE_EXPORTS /D _WINDLL /D _UNICODE /D UNICODE /D _AFXDLL /Gm /EHsc /RTC1 /MDd /GS /fp:precise /Zc:wchar_t /Zc:forScope /Yc"stdafx.h" /Fp"Debug\partageable.pch" /Fo"Debug\\" /Fd"Debug\vc120.pdb" /Gd /TP /analyze- /errorReport:prompt stdafx.cpp
         stdafx.cpp
         C:\Program Files (x86)\Microsoft Visual Studio 12.0\VC\bin\CL.exe /c /IC:\Users\Vincent\Documents\GitHub\dev2\developpement2\interfaces /ZI /nologo /W3 /WX- /Od /Oy- /D WIN32 /D _DEBUG /D _WINDOWS /D _USRDLL /D PARTAGEABLE_EXPORTS /D _WINDLL /D _UNICODE /D UNICODE /D _AFXDLL /Gm /EHsc /RTC1 /MDd /GS /fp:precise /Zc:wchar_t /Zc:forScope /Fo"Debug\\" /Fd"Debug\vc120.pdb" /Gd /TP /analyze- /errorReport:prompt dllmain.cpp
         dllmain.cpp
         C:\Program Files (x86)\Microsoft Visual Studio 12.0\VC\bin\CL.exe /c /IC:\Users\Vincent\Documents\GitHub\dev2\developpement2\interfaces /ZI /nologo /W3 /WX- /Od /Oy- /D WIN32 /D _DEBUG /D _WINDOWS /D _USRDLL /D PARTAGEABLE_EXPORTS /D _WINDLL /D _UNICODE /D UNICODE /D _AFXDLL /Gm /EHsc /RTC1 /MDd /GS /fp:precise /Zc:wchar_t /Zc:forScope /Yu"stdafx.h" /Fp"Debug\partageable.pch" /Fo"Debug\\" /Fd"Debug\vc120.pdb" /Gd /TP /analyze- /errorReport:prompt partageable.cpp
         partageable.cpp
       Link:
         C:\Program Files (x86)\Microsoft Visual Studio 12.0\VC\bin\link.exe /ERRORREPORT:PROMPT /OUT:"C:\Users\Vincent\Documents\GitHub\dev2\developpement2\Debug\partageable.dll" /INCREMENTAL:NO /NOLOGO /MANIFEST /MANIFESTUAC:"level='asInvoker' uiAccess='false'" /manifest:embed /manifestinput:"C:\Program Files (x86)\Microsoft Visual Studio 12.0\VC\Include\Manifest\dpiaware.manifest" /DEBUG /PDB:"C:\Users\Vincent\Documents\GitHub\dev2\developpement2\Debug\partageable.pdb" /SUBSYSTEM:WINDOWS /TLBID:1 /DYNAMICBASE /NXCOMPAT /IMPLIB:"C:\Users\Vincent\Documents\GitHub\dev2\developpement2\Debug\partageable.lib" /MACHINE:X86 /DLL Debug\dllmain.obj
         Debug\partageable.obj
         Debug\stdafx.obj
         C:\Users\Vincent\Documents\GitHub\dev2\developpement2\Debug\Composant2.lib
     1>dllmain.obj : warning LNK4075: ignoring '/EDITANDCONTINUE' due to '/OPT:LBR' specification
            Creating library C:\Users\Vincent\Documents\GitHub\dev2\developpement2\Debug\partageable.lib and object C:\Users\Vincent\Documents\GitHub\dev2\developpement2\Debug\partageable.exp
         partageable.vcxproj -> C:\Users\Vincent\Documents\GitHub\dev2\developpement2\Debug\partageable.dll
     1>Done Building Project "C:\Users\Vincent\Documents\GitHub\dev2\developpement2\partageable\partageable.vcxproj" (Rebuild target(s)).

Build succeeded.

Time Elapsed 00:00:01.54
