\\vmware-host\Shared Folders\Documents\Visual Studio 2010\Projects\partageable\Composant2\Debug\cl.command.1.tlog
\\vmware-host\Shared Folders\Documents\Visual Studio 2010\Projects\partageable\Composant2\Debug\CL.read.1.tlog
\\vmware-host\Shared Folders\Documents\Visual Studio 2010\Projects\partageable\Composant2\Debug\CL.write.1.tlog
\\VMWARE-HOST\SHARED FOLDERS\DOCUMENTS\VISUAL STUDIO 2010\PROJECTS\PARTAGEABLE\COMPOSANT2\DEBUG\COMPOSANT2.DLL.INTERMEDIATE.MANIFEST
\\VMWARE-HOST\SHARED FOLDERS\DOCUMENTS\VISUAL STUDIO 2010\PROJECTS\PARTAGEABLE\COMPOSANT2\DEBUG\COMPOSANT2.OBJ
\\vmware-host\Shared Folders\Documents\Visual Studio 2010\Projects\partageable\Composant2\Debug\Composant2.pch
\\vmware-host\Shared Folders\Documents\Visual Studio 2010\Projects\partageable\Composant2\Debug\Composant2.write.1.tlog
\\vmware-host\Shared Folders\Documents\Visual Studio 2010\Projects\partageable\Composant2\Debug\dllmain.obj
\\vmware-host\Shared Folders\Documents\Visual Studio 2010\Projects\partageable\Composant2\Debug\link.command.1.tlog
\\vmware-host\Shared Folders\Documents\Visual Studio 2010\Projects\partageable\Composant2\Debug\link.read.1.tlog
\\vmware-host\Shared Folders\Documents\Visual Studio 2010\Projects\partageable\Composant2\Debug\link.write.1.tlog
\\vmware-host\Shared Folders\Documents\Visual Studio 2010\Projects\partageable\Composant2\Debug\mt.command.1.tlog
\\vmware-host\Shared Folders\Documents\Visual Studio 2010\Projects\partageable\Composant2\Debug\mt.read.1.tlog
\\vmware-host\Shared Folders\Documents\Visual Studio 2010\Projects\partageable\Composant2\Debug\mt.write.1.tlog
\\vmware-host\Shared Folders\Documents\Visual Studio 2010\Projects\partageable\Composant2\Debug\stdafx.obj
\\vmware-host\Shared Folders\Documents\Visual Studio 2010\Projects\partageable\Composant2\Debug\vc100.idb
\\VMWARE-HOST\SHARED FOLDERS\DOCUMENTS\VISUAL STUDIO 2010\PROJECTS\PARTAGEABLE\COMPOSANT2\DEBUG\VC100.PDB
\\VMWARE-HOST\SHARED FOLDERS\DOCUMENTS\VISUAL STUDIO 2010\PROJECTS\PARTAGEABLE\DEBUG\COMPOSANT2.DLL
\\vmware-host\Shared Folders\Documents\Visual Studio 2010\Projects\partageable\Debug\Composant2.exp
\\vmware-host\Shared Folders\Documents\Visual Studio 2010\Projects\partageable\Debug\Composant2.lib
\\VMWARE-HOST\SHARED FOLDERS\DOCUMENTS\VISUAL STUDIO 2010\PROJECTS\PARTAGEABLE\DEBUG\COMPOSANT2.PDB
