Build started 20/05/2015 22:42:54.
     1>Project "C:\Users\Vincent\Documents\GitHub\dev2\developpement2\Composant2\Composant2.vcxproj" on node 2 (Rebuild target(s)).
     1>ClCompile:
         C:\Program Files (x86)\Microsoft Visual Studio 12.0\VC\bin\CL.exe /c /IC:\Users\Vincent\Documents\GitHub\dev2\developpement2\interfaces /ZI /nologo /W3 /WX- /Od /Oy- /D WIN32 /D _DEBUG /D _WINDOWS /D _USRDLL /D COMPOSANT2_EXPORTS /D _WINDLL /D _UNICODE /D UNICODE /D _AFXDLL /Gm /EHsc /RTC1 /MDd /GS /fp:precise /Zc:wchar_t /Zc:forScope /Yc"stdafx.h" /Fp"Debug\Composant2.pch" /Fo"Debug\\" /Fd"Debug\vc120.pdb" /Gd /TP /analyze- /errorReport:prompt stdafx.cpp
         stdafx.cpp
         C:\Program Files (x86)\Microsoft Visual Studio 12.0\VC\bin\CL.exe /c /IC:\Users\Vincent\Documents\GitHub\dev2\developpement2\interfaces /ZI /nologo /W3 /WX- /Od /Oy- /D WIN32 /D _DEBUG /D _WINDOWS /D _USRDLL /D COMPOSANT2_EXPORTS /D _WINDLL /D _UNICODE /D UNICODE /D _AFXDLL /Gm /EHsc /RTC1 /MDd /GS /fp:precise /Zc:wchar_t /Zc:forScope /Yu"stdafx.h" /Fp"Debug\Composant2.pch" /Fo"Debug\\" /Fd"Debug\vc120.pdb" /Gd /TP /analyze- /errorReport:prompt Composant2.cpp
         Composant2.cpp
     1>c:\users\vincent\documents\github\dev2\developpement2\composant2\composant2.cpp(40): warning C4244: 'argument' : conversion from 'double' to 'unsigned int', possible loss of data
     1>c:\users\vincent\documents\github\dev2\developpement2\composant2\composant2.cpp(73): warning C4244: 'argument' : conversion from 'double' to 'unsigned int', possible loss of data
     1>c:\users\vincent\documents\github\dev2\developpement2\composant2\composant2.cpp(79): warning C4018: '<' : signed/unsigned mismatch
         C:\Program Files (x86)\Microsoft Visual Studio 12.0\VC\bin\CL.exe /c /IC:\Users\Vincent\Documents\GitHub\dev2\developpement2\interfaces /ZI /nologo /W3 /WX- /Od /Oy- /D WIN32 /D _DEBUG /D _WINDOWS /D _USRDLL /D COMPOSANT2_EXPORTS /D _WINDLL /D _UNICODE /D UNICODE /D _AFXDLL /Gm /EHsc /RTC1 /MDd /GS /fp:precise /Zc:wchar_t /Zc:forScope /Fo"Debug\\" /Fd"Debug\vc120.pdb" /Gd /TP /analyze- /errorReport:prompt dllmain.cpp
         dllmain.cpp
       Link:
         C:\Program Files (x86)\Microsoft Visual Studio 12.0\VC\bin\link.exe /ERRORREPORT:PROMPT /OUT:"C:\Users\Vincent\Documents\GitHub\dev2\developpement2\Debug\Composant2.dll" /INCREMENTAL:NO /NOLOGO /MANIFEST /MANIFESTUAC:"level='asInvoker' uiAccess='false'" /manifest:embed /manifestinput:"C:\Program Files (x86)\Microsoft Visual Studio 12.0\VC\Include\Manifest\dpiaware.manifest" /DEBUG /PDB:"C:\Users\Vincent\Documents\GitHub\dev2\developpement2\Debug\Composant2.pdb" /SUBSYSTEM:WINDOWS /TLBID:1 /DYNAMICBASE /NXCOMPAT /IMPLIB:"C:\Users\Vincent\Documents\GitHub\dev2\developpement2\Debug\Composant2.lib" /MACHINE:X86 /DLL Debug\Composant2.obj
         Debug\dllmain.obj
         Debug\stdafx.obj
     1>Composant2.obj : warning LNK4075: ignoring '/EDITANDCONTINUE' due to '/OPT:LBR' specification
            Creating library C:\Users\Vincent\Documents\GitHub\dev2\developpement2\Debug\Composant2.lib and object C:\Users\Vincent\Documents\GitHub\dev2\developpement2\Debug\Composant2.exp
         Composant2.vcxproj -> C:\Users\Vincent\Documents\GitHub\dev2\developpement2\Debug\Composant2.dll
     1>Done Building Project "C:\Users\Vincent\Documents\GitHub\dev2\developpement2\Composant2\Composant2.vcxproj" (Rebuild target(s)).

Build succeeded.

Time Elapsed 00:00:04.73
