La génération a démarré 21/05/2015 15:20:45.
     1>Projet "C:\Users\lambda\Desktop\Composant4\Composant4\Composant4.vcxproj" sur le nœud 2 (rebuild cible(s)).
     1>PrepareForBuild:
         Création du répertoire "C:\Users\lambda\Desktop\Composant4\x64\Debug\".
       InitializeBuildStatus:
         Création de "x64\Debug\Composant4.unsuccessfulbuild", car "AlwaysCreate" a été spécifié.
       ClCompile:
         c:\Program Files (x86)\Microsoft Visual Studio 10.0\VC\bin\x86_amd64\CL.exe /c /Zi /nologo /W3 /WX- /Od /D WIN32 /D _DEBUG /D _WINDOWS /D _USRDLL /D COMPOSANT4_EXPORTS /D _WINDLL /D _UNICODE /D UNICODE /D _AFXDLL /Gm /EHsc /RTC1 /MDd /GS /fp:precise /Zc:wchar_t /Zc:forScope /Yc"StdAfx.h" /Fp"x64\Debug\Composant4.pch" /Fo"x64\Debug\\" /Fd"x64\Debug\vc100.pdb" /Gd /TP /errorReport:prompt stdafx.cpp
         stdafx.cpp
         c:\Program Files (x86)\Microsoft Visual Studio 10.0\VC\bin\x86_amd64\CL.exe /c /Zi /nologo /W3 /WX- /Od /D WIN32 /D _DEBUG /D _WINDOWS /D _USRDLL /D COMPOSANT4_EXPORTS /D _WINDLL /D _UNICODE /D UNICODE /D _AFXDLL /Gm /EHsc /RTC1 /MDd /GS /fp:precise /Zc:wchar_t /Zc:forScope /Yu"StdAfx.h" /Fp"x64\Debug\Composant4.pch" /Fo"x64\Debug\\" /Fd"x64\Debug\vc100.pdb" /Gd /TP /errorReport:prompt Composant4.cpp
         Composant4.cpp
     1>Composant4.cpp(101): warning C4244: '=' : conversion de 'double' en 'float', perte possible de données
     1>Composant4.cpp(104): warning C4244: '=' : conversion de 'double' en 'float', perte possible de données
     1>Composant4.cpp(105): warning C4244: '=' : conversion de 'double' en 'float', perte possible de données
     1>Composant4.cpp(107): warning C4244: '=' : conversion de 'double' en 'float', perte possible de données
     1>Composant4.cpp(108): warning C4244: '=' : conversion de 'double' en 'float', perte possible de données
     1>Composant4.cpp(114): warning C4244: '=' : conversion de 'double' en 'float', perte possible de données
     1>Composant4.cpp(186): warning C4267: 'argument' : conversion de 'size_t' en 'int', perte possible de données
     1>Composant4.cpp(317): warning C4267: 'argument' : conversion de 'size_t' en 'int', perte possible de données
         c:\Program Files (x86)\Microsoft Visual Studio 10.0\VC\bin\x86_amd64\CL.exe /c /Zi /nologo /W3 /WX- /Od /D WIN32 /D _DEBUG /D _WINDOWS /D _USRDLL /D COMPOSANT4_EXPORTS /D _WINDLL /D _UNICODE /D UNICODE /D _AFXDLL /Gm /EHsc /RTC1 /MDd /GS /fp:precise /Zc:wchar_t /Zc:forScope /Fo"x64\Debug\\" /Fd"x64\Debug\vc100.pdb" /Gd /TP /errorReport:prompt dllmain.cpp
         dllmain.cpp
       ManifestResourceCompile:
         C:\Program Files (x86)\Microsoft SDKs\Windows\v7.0A\bin\rc.exe /nologo /fo"x64\Debug\Composant4.dll.embed.manifest.res" x64\Debug\Composant4_manifest.rc 
       Link:
         c:\Program Files (x86)\Microsoft Visual Studio 10.0\VC\bin\x86_amd64\link.exe /ERRORREPORT:PROMPT /OUT:"C:\Users\lambda\Desktop\Composant4\x64\Debug\Composant4.dll" /INCREMENTAL /NOLOGO /MANIFEST /ManifestFile:"x64\Debug\Composant4.dll.intermediate.manifest" /MANIFESTUAC:"level='asInvoker' uiAccess='false'" /DEBUG /PDB:"C:\Users\lambda\Desktop\Composant4\x64\Debug\Composant4.pdb" /SUBSYSTEM:WINDOWS /TLBID:1 /DYNAMICBASE /NXCOMPAT /IMPLIB:"C:\Users\lambda\Desktop\Composant4\x64\Debug\Composant4.lib" /MACHINE:X64 /DLL x64\Debug\Composant4.dll.embed.manifest.res
         x64\Debug\Composant4.obj
         x64\Debug\dllmain.obj
         x64\Debug\stdafx.obj
            Création de la bibliothèque C:\Users\lambda\Desktop\Composant4\x64\Debug\Composant4.lib et de l'objet C:\Users\lambda\Desktop\Composant4\x64\Debug\Composant4.exp
         Composant4.vcxproj -> C:\Users\lambda\Desktop\Composant4\x64\Debug\Composant4.dll
       Manifest:
         Suppression du fichier "x64\Debug\Composant4.dll.embed.manifest".
         C:\Program Files (x86)\Microsoft SDKs\Windows\v7.0A\bin\mt.exe /nologo /verbose /out:"x64\Debug\Composant4.dll.embed.manifest" /manifest x64\Debug\Composant4.dll.intermediate.manifest "c:\Program Files (x86)\Microsoft Visual Studio 10.0\VC\Include\Manifest\dpiaware.manifest"
         C:\Program Files (x86)\Microsoft SDKs\Windows\v7.0A\bin\rc.exe /nologo /fo"x64\Debug\Composant4.dll.embed.manifest.res" x64\Debug\Composant4_manifest.rc 
       LinkEmbedManifest:
         c:\Program Files (x86)\Microsoft Visual Studio 10.0\VC\bin\x86_amd64\link.exe /ERRORREPORT:PROMPT /OUT:"C:\Users\lambda\Desktop\Composant4\x64\Debug\Composant4.dll" /INCREMENTAL /NOLOGO /MANIFEST /ManifestFile:"x64\Debug\Composant4.dll.intermediate.manifest" /MANIFESTUAC:"level='asInvoker' uiAccess='false'" /DEBUG /PDB:"C:\Users\lambda\Desktop\Composant4\x64\Debug\Composant4.pdb" /SUBSYSTEM:WINDOWS /TLBID:1 /DYNAMICBASE /NXCOMPAT /IMPLIB:"C:\Users\lambda\Desktop\Composant4\x64\Debug\Composant4.lib" /MACHINE:X64 /DLL x64\Debug\Composant4.dll.embed.manifest.res
         x64\Debug\Composant4.obj
         x64\Debug\dllmain.obj
         x64\Debug\stdafx.obj
            Création de la bibliothèque C:\Users\lambda\Desktop\Composant4\x64\Debug\Composant4.lib et de l'objet C:\Users\lambda\Desktop\Composant4\x64\Debug\Composant4.exp
         Composant4.vcxproj -> C:\Users\lambda\Desktop\Composant4\x64\Debug\Composant4.dll
       FinalizeBuildStatus:
         Suppression du fichier "x64\Debug\Composant4.unsuccessfulbuild".
         Mise à jour de l'horodatage "x64\Debug\Composant4.lastbuildstate".
     1>Génération du projet "C:\Users\lambda\Desktop\Composant4\Composant4\Composant4.vcxproj" terminée (rebuild cible(s)).

La génération a réussi.

Temps écoulé 00:00:03.41
